<?xml version="1.0" encoding="UTF-8"?>
<testsuite xmlns:xsi="http://www.w3.org/2001/XMLSchema-instance" xsi:noNamespaceSchemaLocation="https://maven.apache.org/surefire/maven-surefire-plugin/xsd/surefire-test-report-3.0.xsd" version="3.0" name="com.plagiarism.HammingClearedTest" time="0.038" tests="5" errors="0" skipped="0" failures="0">
  <properties>
[...]
</properties>
  <testcase name="whitespaceAndUnderscoreAreIgnored" classname="com.plagiarism.HammingClearedTest" time="0.004"/>
  <testcase name="nullBecomesEmptyStringAndIsHandled" classname="com.plagiarism.HammingClearedTest" time="0.006"/>
  <testcase name="nullVsNullBecomesZeroDistance" classname="com.plagiarism.HammingClearedTest" time="0.002"/>
  <testcase name="tabsAndNewlinesAreIgnoredToo" classname="com.plagiarism.HammingClearedTest" time="0.002"/>
  <testcase name="realDifferenceAfterCleaningIsCounted" classname="com.plagiarism.HammingClearedTest" time="0.002"/>
</testsuite>